Server running at http://localhost:3000
Connected to MySQL
Users table ready
Refresh tokens table ready
Vendor list table ready
Inventory table ready
transaction table ready
Inventory archive table ready
transaction archive table ready
Inventory table populated with data from external API
transaction table populated with data from external API
Inventory archived at 12:02 AM
transaction archived at 12:02 AM
Server running at http://localhost:3000
Connected to MySQL
Users table ready
Refresh tokens table ready
Vendor list table ready
Inventory table ready
transaction table ready
Inventory archive table ready
transaction archive table ready
Server running at http://localhost:3000
Connected to MySQL
Users table ready
Refresh tokens table ready
Vendor list table ready
Inventory table ready
transaction table ready
Inventory archive table ready
transaction archive table ready
transaction table populated with data from external API
Inventory table populated with data from external API
Server running at http://localhost:3000
Connected to MySQL
Users table ready
Refresh tokens table ready
Vendor list table ready
Inventory table ready
transaction table ready
Inventory archive table ready
transaction archive table ready
transaction table populated with data from external API
Inventory table populated with data from external API
Server running at http://localhost:3000
Connected to MySQL
Users table ready
Refresh tokens table ready
Vendor list table ready
Inventory table ready
transaction table ready
Inventory archive table ready
transaction archive table ready
transaction table populated with data from external API
Inventory table populated with data from external API
Inventory archived at 12:02 AM
transaction archived at 12:02 AM
Verifying credentials for: Zurla
SELECT * FROM users WHERE username = ?
Verifying credentials for: Zurla
SELECT * FROM users WHERE username = ?
Verifying credentials for: Zurla
SELECT * FROM users WHERE username = ?
Verifying credentials for: Zurla
SELECT * FROM users WHERE username = ?
Verifying credentials for: Zurla
SELECT * FROM users WHERE username = ?
Verifying credentials for: jeevan
SELECT * FROM users WHERE username = ?
Verifying credentials for: jeevan
SELECT * FROM users WHERE username = ?
Verifying credentials for: jeevan
SELECT * FROM users WHERE username = ?
Verifying credentials for: jeevan
SELECT * FROM users WHERE username = ?
Verifying credentials for: jeevan
SELECT * FROM users WHERE username = ?
Verifying credentials for: jeevan
SELECT * FROM users WHERE username = ?
Verifying credentials for: jeevan
SELECT * FROM users WHERE username = ?
Verifying credentials for: jeevan
SELECT * FROM users WHERE username = ?
Verifying credentials for: Zurla
SELECT * FROM users WHERE username = ?
Verifying credentials for: Zurla
SELECT * FROM users WHERE username = ?
Verifying credentials for: Zurla
SELECT * FROM users WHERE username = ?
Verifying credentials for: Zurla
SELECT * FROM users WHERE username = ?
Verifying credentials for: jeevan
SELECT * FROM users WHERE username = ?
Verifying credentials for: jeevan
SELECT * FROM users WHERE username = ?
Server running at http://localhost:3000
Connected to MySQL
Users table ready
Refresh tokens table ready
Vendor list table ready
Inventory table ready
transaction table ready
Inventory archive table ready
transaction archive table ready
Inventory table populated with data from external API
transaction table populated with data from external API
Server running at http://localhost:3000
Connected to MySQL
Users table ready
Refresh tokens table ready
Vendor list table ready
Inventory table ready
transaction table ready
Inventory archive table ready
transaction archive table ready
Inventory table populated with data from external API
transaction table populated with data from external API
Verifying credentials for: jeevan
SELECT * FROM users WHERE username = ?
OTP email sent successfully.
Verifying credentials for: Zurla
SELECT * FROM users WHERE username = ?
OTP email sent successfully.
Server running at http://localhost:3000
Connected to MySQL
Users table ready
Refresh tokens table ready
Vendor list table ready
Inventory table ready
transaction table ready
Inventory archive table ready
transaction archive table ready
transaction table populated with data from external API
Inventory table populated with data from external API
Server running at http://localhost:3000
Connected to MySQL
Users table ready
Refresh tokens table ready
Vendor list table ready
Inventory table ready
transaction table ready
Inventory archive table ready
transaction archive table ready
Server running at http://localhost:3000
Connected to MySQL
Users table ready
Refresh tokens table ready
Vendor list table ready
Inventory table ready
transaction table ready
Inventory archive table ready
transaction archive table ready
Server running at http://localhost:3000
Connected to MySQL
Users table ready
Refresh tokens table ready
Vendor list table ready
Inventory table ready
transaction table ready
Inventory archive table ready
transaction archive table ready
Server running at http://localhost:3000
Connected to MySQL
Users table ready
Refresh tokens table ready
Vendor list table ready
Inventory table ready
transaction table ready
Inventory archive table ready
transaction archive table ready
Inventory table populated with data from external API
transaction table populated with data from external API
Server running at http://localhost:3000
Connected to MySQL
Users table ready
Refresh tokens table ready
Vendor list table ready
Inventory table ready
transaction table ready
Inventory archive table ready
transaction archive table ready
Inventory table populated with data from external API
transaction table populated with data from external API
Server running at http://localhost:3000
Connected to MySQL
Users table ready
Refresh tokens table ready
Vendor list table ready
Inventory table ready
transaction table ready
Inventory archive table ready
transaction archive table ready
Inventory table populated with data from external API
transaction table populated with data from external API
Verifying credentials for: jeevan
SELECT * FROM users WHERE username = ?
OTP email sent successfully.
Server running at http://localhost:3000
Connected to MySQL
Users table ready
Refresh tokens table ready
Vendor list table ready
Inventory table ready
transaction table ready
Inventory archive table ready
transaction archive table ready
transaction table populated with data from external API
Inventory table populated with data from external API
Verifying credentials for: jeevan
SELECT * FROM users WHERE username = ?
OTP email sent successfully.
Verifying credentials for: jeevan
SELECT * FROM users WHERE username = ?
OTP email sent successfully.
Server running at http://localhost:3000
Connected to MySQL
Users table ready
Refresh tokens table ready
Vendor list table ready
Inventory table ready
transaction table ready
Inventory archive table ready
transaction archive table ready
transaction table populated with data from external API
Inventory table populated with data from external API
Verifying credentials for: jeevan
SELECT * FROM users WHERE username = ?
OTP email sent successfully.
Verifying credentials for: jeevan
SELECT * FROM users WHERE username = ?
OTP email sent successfully.
Verifying credentials for: jeevan
SELECT * FROM users WHERE username = ?
OTP email sent successfully.
Verifying credentials for: jeevan
SELECT * FROM users WHERE username = ?
OTP email sent successfully.
Verifying credentials for: jeevan
SELECT * FROM users WHERE username = ?
OTP email sent successfully.
Server running at http://localhost:3000
Connected to MySQL
Users table ready
Refresh tokens table ready
Vendor list table ready
Inventory table ready
transaction table ready
Inventory archive table ready
transaction archive table ready
Inventory table populated with data from external API
transaction table populated with data from external API
Verifying credentials for: jeevan
SELECT * FROM users WHERE username = ?
OTP email sent successfully.
Server running at http://localhost:3000
Connected to MySQL
Users table ready
Refresh tokens table ready
Vendor list table ready
Inventory table ready
transaction table ready
Inventory archive table ready
transaction archive table ready
Inventory table populated with data from external API
transaction table populated with data from external API
Verifying credentials for: jeevan
SELECT * FROM users WHERE username = ?
OTP email sent successfully.
Server running at http://localhost:3000
Connected to MySQL
Users table ready
Refresh tokens table ready
Vendor list table ready
Inventory table ready
transaction table ready
Inventory archive table ready
transaction archive table ready
Inventory table populated with data from external API
transaction table populated with data from external API
Server running at http://localhost:3000
Connected to MySQL
Users table ready
Refresh tokens table ready
Vendor list table ready
Inventory table ready
transaction table ready
Inventory archive table ready
transaction archive table ready
Inventory table populated with data from external API
transaction table populated with data from external API
Verifying credentials for: jeevan
SELECT * FROM users WHERE username = ?
OTP email sent successfully.
Server running at http://localhost:3000
Connected to MySQL
Users table ready
Refresh tokens table ready
Vendor list table ready
Inventory table ready
transaction table ready
Inventory archive table ready
transaction archive table ready
Inventory table populated with data from external API
transaction table populated with data from external API
Verifying credentials for: jeevan
SELECT * FROM users WHERE username = ?
OTP email sent successfully.
Server running at http://localhost:3000
Connected to MySQL
Users table ready
Refresh tokens table ready
Vendor list table ready
Inventory table ready
transaction table ready
Inventory archive table ready
transaction archive table ready
Inventory table populated with data from external API
transaction table populated with data from external API
Verifying credentials for: jeevan
SELECT * FROM users WHERE username = ?
OTP email sent successfully.
Server running at http://localhost:3000
Connected to MySQL
Users table ready
Refresh tokens table ready
Vendor list table ready
Inventory table ready
transaction table ready
Inventory archive table ready
transaction archive table ready
transaction table populated with data from external API
Inventory table populated with data from external API
Verifying credentials for: jeevan
SELECT * FROM users WHERE username = ?
OTP email sent successfully.
Verifying credentials for: jeevan
SELECT * FROM users WHERE username = ?
OTP email sent successfully.
Server running at http://localhost:3000
Connected to MySQL
Users table ready
Refresh tokens table ready
Vendor list table ready
Inventory table ready
transaction table ready
Inventory archive table ready
transaction archive table ready
Inventory table populated with data from external API
transaction table populated with data from external API
Server running at http://localhost:3000
Connected to MySQL
Users table ready
Refresh tokens table ready
Vendor list table ready
Inventory table ready
transaction table ready
Inventory archive table ready
transaction archive table ready
transaction table populated with data from external API
Inventory table populated with data from external API
Server running at http://localhost:3000
Connected to MySQL
Users table ready
Refresh tokens table ready
Vendor list table ready
Inventory table ready
transaction table ready
Inventory archive table ready
transaction archive table ready
Server running at http://localhost:3000
Connected to MySQL
Users table ready
Refresh tokens table ready
Vendor list table ready
Inventory table ready
transaction table ready
Inventory archive table ready
transaction archive table ready
Server running at http://localhost:3000
Connected to MySQL
Users table ready
Refresh tokens table ready
Vendor list table ready
Inventory table ready
transaction table ready
Inventory archive table ready
transaction archive table ready
transaction table populated with data from external API
Inventory table populated with data from external API
Server running at http://localhost:3000
Connected to MySQL
Users table ready
Refresh tokens table ready
Vendor list table ready
Inventory table ready
transaction table ready
Inventory archive table ready
transaction archive table ready
Inventory table populated with data from external API
transaction table populated with data from external API
Server running at http://localhost:3000
Connected to MySQL
Users table ready
Refresh tokens table ready
Vendor list table ready
Inventory table ready
transaction table ready
Inventory archive table ready
transaction archive table ready
Inventory table populated with data from external API
transaction table populated with data from external API
Server running at http://localhost:3000
Connected to MySQL
Users table ready
Refresh tokens table ready
Vendor list table ready
Inventory table ready
transaction table ready
Inventory archive table ready
transaction archive table ready
Inventory table populated with data from external API
transaction table populated with data from external API
Server running at http://localhost:3000
Connected to MySQL
Users table ready
Refresh tokens table ready
Vendor list table ready
Inventory table ready
transaction table ready
Inventory archive table ready
transaction archive table ready
Inventory table populated with data from external API
transaction table populated with data from external API
